<?xml version="1.0" encoding="UTF-8"?>
<!-- Generated by org.testng.reporters.JUnitReportReporter -->
<testsuite hostname="DESKTOP-3DPRU8F" failures="0" tests="7" name="MyClass" time="18.899" errors="0" timestamp="2023-12-15T22:33:18 PST" skipped="6">
  <testcase classname="MyClass" name="ChangeLanguageRandomly" time="18.899"/>
  <system-out/>
  <testcase classname="MyClass" name="CheckTheQitafLogo">
    <skipped/>
  </testcase> <!-- CheckTheQitafLogo -->
  <system-out/>
  <testcase classname="MyClass" name="CheckTheLanguage">
    <skipped/>
  </testcase> <!-- CheckTheLanguage -->
  <system-out/>
  <testcase classname="MyClass" name="CheckTheCurrency">
    <skipped/>
  </testcase> <!-- CheckTheCurrency -->
  <system-out/>
  <testcase classname="MyClass" name="CheckTheDepartureAndReturnDate">
    <skipped/>
  </testcase> <!-- CheckTheDepartureAndReturnDate -->
  <system-out/>
  <testcase classname="MyClass" name="CheckTheContactNumber">
    <skipped/>
  </testcase> <!-- CheckTheContactNumber -->
  <system-out/>
  <testcase classname="MyClass" name="CheckTheHotelsTab">
    <skipped/>
  </testcase> <!-- CheckTheHotelsTab -->
  <system-out/>
</testsuite> <!-- MyClass -->
