<?xml version="1.0" encoding="UTF-8"?>
<!-- Generated by org.testng.reporters.JUnitReportReporter -->
<testsuite hostname="DESKTOP-3DPRU8F" failures="0" tests="8" name="MyClass" time="19.513" errors="0" timestamp="2023-12-16T22:15:28 PST" skipped="7">
  <testcase classname="MyClass" name="HotelSwitch" time="19.513"/>
  <system-out/>
  <testcase classname="MyClass" name="CheckTheQitafLogo">
    <skipped/>
  </testcase> <!-- CheckTheQitafLogo -->
  <system-out/>
  <testcase classname="MyClass" name="CheckTheLanguage">
    <skipped/>
  </testcase> <!-- CheckTheLanguage -->
  <system-out/>
  <testcase classname="MyClass" name="CheckTheCurrency">
    <skipped/>
  </testcase> <!-- CheckTheCurrency -->
  <system-out/>
  <testcase classname="MyClass" name="CheckTheDepartureAndReturnDate">
    <skipped/>
  </testcase> <!-- CheckTheDepartureAndReturnDate -->
  <system-out/>
  <testcase classname="MyClass" name="CheckTheContactNumber">
    <skipped/>
  </testcase> <!-- CheckTheContactNumber -->
  <system-out/>
  <testcase classname="MyClass" name="ChangeLanguageRandomly">
    <skipped/>
  </testcase> <!-- ChangeLanguageRandomly -->
  <system-out/>
  <testcase classname="MyClass" name="CheckTheHotelsTab">
    <skipped/>
  </testcase> <!-- CheckTheHotelsTab -->
  <system-out/>
</testsuite> <!-- MyClass -->
