<?xml version="1.0" encoding="UTF-8"?>
<!-- Generated by org.testng.reporters.JUnitReportReporter -->
<testsuite hostname="DESKTOP-3DPRU8F" failures="0" tests="9" name="MyClass" time="2.826" errors="0" timestamp="2023-11-26T21:49:25 PST" skipped="8">
  <testcase classname="MyClass" name="RandomlySelectAdults" time="2.826"/>
  <system-out/>
  <testcase classname="MyClass" name="CheckTheQitafLogo">
    <skipped/>
  </testcase> <!-- CheckTheQitafLogo -->
  <system-out/>
  <testcase classname="MyClass" name="CheckTheLanguage">
    <skipped/>
  </testcase> <!-- CheckTheLanguage -->
  <system-out/>
  <testcase classname="MyClass" name="CheckTheCurrency">
    <skipped/>
  </testcase> <!-- CheckTheCurrency -->
  <system-out/>
  <testcase classname="MyClass" name="CheckTheReturnDate">
    <skipped/>
  </testcase> <!-- CheckTheReturnDate -->
  <system-out/>
  <testcase classname="MyClass" name="CheckTheDepartureDate">
    <skipped/>
  </testcase> <!-- CheckTheDepartureDate -->
  <system-out/>
  <testcase classname="MyClass" name="CheckTheContactNumber">
    <skipped/>
  </testcase> <!-- CheckTheContactNumber -->
  <system-out/>
  <testcase classname="MyClass" name="ChangeLanguageRandomly">
    <skipped/>
  </testcase> <!-- ChangeLanguageRandomly -->
  <system-out/>
  <testcase classname="MyClass" name="CheckTheHotelsTab">
    <skipped/>
  </testcase> <!-- CheckTheHotelsTab -->
  <system-out/>
</testsuite> <!-- MyClass -->
